\BOOKMARK [1][-]{section.1}{\376\377\001\056\000v\000a\000d\000a\000s}{}% 1
\BOOKMARK [1][-]{section.2}{\376\377\000D\000u\000o\000m\000e\000n\001\163\000\040\000R\000i\000n\000k\000i\000n\000y\000s\000\040\040\036\000M\000a\000t\000h\000e\000m\000a\000t\000i\000c\000s\000-\000D\000a\000t\000a\000s\000e\000t\040\034\000\040\000d\000a\000t\000a\000s\000e\000t}{}% 2
\BOOKMARK [1][-]{section.3}{\376\377\000T\000r\000a\000n\000s\000f\000o\000r\000m\000e\000r\000i\000s}{}% 3
\BOOKMARK [2][-]{subsection.3.1}{\376\377\000V\000e\000i\000k\000i\000m\000a\000s}{section.3}% 4
\BOOKMARK [2][-]{subsection.3.2}{\376\377\000M\000o\000d\000u\000l\000i\000a\000i}{section.3}% 5
\BOOKMARK [2][-]{subsection.3.3}{\376\377\000D\001\027\000m\000e\000s\000y\000s}{section.3}% 6
\BOOKMARK [1][-]{section.4}{\376\377\000N\000a\000u\000d\000o\000j\000a\000m\000i\000\040\000A\000p\000m\000o\000k\000y\000t\000i\000\040\000M\000o\000d\000e\000l\000i\000a\000i}{}% 7
\BOOKMARK [2][-]{subsection.4.1}{\376\377\000i\000s\000c\000h\000l\000a\000g\000/\000T\000P\000-\000T\000r\000a\000n\000s\000f\000o\000r\000m\000e\000r}{section.4}% 8
\BOOKMARK [2][-]{subsection.4.2}{\376\377\000i\000A\000s\000k\000.\000A\000i}{section.4}% 9
\BOOKMARK [2][-]{subsection.4.3}{\376\377\000B\000i\000n\000g\000\040\000A\000I}{section.4}% 10
\BOOKMARK [2][-]{subsection.4.4}{\376\377\000D\000e\000e\000p\000A\000I}{section.4}% 11
\BOOKMARK [2][-]{subsection.4.5}{\376\377\000C\000h\000a\000t\000G\000P\000T\000-\0004}{section.4}% 12
\BOOKMARK [1][-]{section.5}{\376\377\000T\000y\000r\000i\000m\000o\000\040\000E\000i\000g\000a}{}% 13
\BOOKMARK [2][-]{subsection.5.1}{\376\377\000A\000l\000g\000e\000b\000r\000a}{section.5}% 14
\BOOKMARK [2][-]{subsection.5.2}{\376\377\000A\000r\000i\000t\000m\000e\000t\000i\000k\000a}{section.5}% 15
\BOOKMARK [2][-]{subsection.5.3}{\376\377\000M\000a\000t\000e\000m\000a\000t\000i\000n\001\027\000\040\000A\000n\000a\000l\000i\000z\001\027}{section.5}% 16
\BOOKMARK [2][-]{subsection.5.4}{\376\377\000P\000a\000l\000y\000g\000i\000n\000i\000m\000a\000s}{section.5}% 17
\BOOKMARK [2][-]{subsection.5.5}{\376\377\000K\000o\000n\000v\000e\000r\000t\000a\000v\000i\000m\000a\000s}{section.5}% 18
\BOOKMARK [2][-]{subsection.5.6}{\376\377\000S\000k\000a\000i\001\015\000i\001\163\000\040\000O\000p\000e\000r\000a\000c\000i\000j\000o\000s}{section.5}% 19
\BOOKMARK [2][-]{subsection.5.7}{\376\377\000D\000a\000u\000g\000i\000a\000n\000a\000r\000i\000a\000i}{section.5}% 20
\BOOKMARK [2][-]{subsection.5.8}{\376\377\000T\000i\000k\000i\000m\000y\000b\001\027\000s}{section.5}% 21
\BOOKMARK [1][-]{section.6}{\376\377\000R\000e\000z\000u\000l\000t\000a\000t\000a\000i}{}% 22
\BOOKMARK [1][-]{section.7}{\376\377\000I\001\141\000v\000a\000d\000o\000s}{}% 23
\BOOKMARK [1][-]{section.8}{\376\377\000R\000e\000z\000u\000l\000t\000a\000t\001\163\000\040\000T\000a\000i\000k\000y\000m\000o\000\040\000i\000r\000\040\000T\000o\000b\000u\000l\000i\000n\000i\000m\000o\000\040\000G\000a\000l\000i\000m\000y\000b\001\027\000s}{}% 24
\BOOKMARK [1][-]{section*.7}{\376\377\000L\000i\000t\000e\000r\000a\000t\001\153\000r\000a}{}% 25
